<?xml version="1.0" ?>
<!DOCTYPE coverage SYSTEM "http://cobertura.sourceforge.net/xml/coverage-04.dtd">
<coverage lines-valid="1809" lines-covered="1782" line-rate="0.985" branches-valid="187" branches-covered="175" branch-rate="0.9358" timestamp="1679140198412" complexity="0" version="0.1">
  <sources>
    <source>/Volumes/LocalDrive/Music/EVD-ONLINE-done 3</source>
  </sources>
  <packages>
    <package name="src" line-rate="1" branch-rate="1">
      <classes>
        <class name="App.jsx" filename="src/App.jsx" line-rate="1" branch-rate="1">
          <methods>
            <method name="get" hits="1" signature="()V">
              <lines>
                <line number="9" hits="1"/>
              </lines>
            </method>
            <method name="App" hits="1" signature="()V">
              <lines>
                <line number="5" hits="1"/>
              </lines>
            </method>
          </methods>
          <lines>
            <line number="1" hits="1" branch="false"/>
            <line number="2" hits="1" branch="false"/>
            <line number="3" hits="1" branch="false"/>
            <line number="4" hits="1" branch="false"/>
            <line number="5" hits="1" branch="true" condition-coverage="100% (1/1)"/>
            <line number="6" hits="1" branch="false"/>
            <line number="7" hits="1" branch="false"/>
            <line number="8" hits="1" branch="false"/>
            <line number="9" hits="1" branch="true" condition-coverage="100% (1/1)"/>
          </lines>
        </class>
        <class name="matchMedia.js" filename="src/matchMedia.js" line-rate="1" branch-rate="1">
          <methods>
          </methods>
          <lines>
            <line number="1" hits="1" branch="false"/>
            <line number="2" hits="1" branch="false"/>
            <line number="3" hits="1" branch="true" condition-coverage="100% (1/1)"/>
            <line number="4" hits="1589" branch="false"/>
            <line number="5" hits="1589" branch="false"/>
            <line number="6" hits="1589" branch="false"/>
            <line number="7" hits="1589" branch="false"/>
            <line number="8" hits="1589" branch="false"/>
            <line number="9" hits="1589" branch="false"/>
            <line number="10" hits="1589" branch="false"/>
            <line number="11" hits="1589" branch="false"/>
            <line number="12" hits="1589" branch="false"/>
            <line number="13" hits="1" branch="false"/>
          </lines>
        </class>
      </classes>
    </package>
    <package name="src.components.AppToast" line-rate="1" branch-rate="1">
      <classes>
        <class name="AppToast.jsx" filename="src/components/AppToast/AppToast.jsx" line-rate="1" branch-rate="1">
          <methods>
            <method name="get" hits="227" signature="()V">
              <lines>
                <line number="38" hits="227"/>
              </lines>
            </method>
            <method name="AppToast" hits="227" signature="()V">
              <lines>
                <line number="13" hits="227"/>
              </lines>
            </method>
          </methods>
          <lines>
            <line number="1" hits="1" branch="false"/>
            <line number="2" hits="1" branch="false"/>
            <line number="3" hits="1" branch="false"/>
            <line number="4" hits="1" branch="false"/>
            <line number="5" hits="1" branch="false"/>
            <line number="6" hits="1" branch="false"/>
            <line number="7" hits="1" branch="false"/>
            <line number="8" hits="1" branch="false"/>
            <line number="9" hits="1" branch="false"/>
            <line number="10" hits="1" branch="false"/>
            <line number="11" hits="1" branch="false"/>
            <line number="12" hits="1" branch="false"/>
            <line number="13" hits="227" branch="true" condition-coverage="100% (1/1)"/>
            <line number="14" hits="227" branch="false"/>
            <line number="15" hits="227" branch="false"/>
            <line number="16" hits="227" branch="false"/>
            <line number="17" hits="227" branch="false"/>
            <line number="18" hits="227" branch="false"/>
            <line number="19" hits="227" branch="false"/>
            <line number="20" hits="227" branch="false"/>
            <line number="21" hits="227" branch="false"/>
            <line number="22" hits="227" branch="false"/>
            <line number="23" hits="227" branch="false"/>
            <line number="24" hits="227" branch="false"/>
            <line number="25" hits="227" branch="false"/>
            <line number="26" hits="227" branch="false"/>
            <line number="27" hits="227" branch="false"/>
            <line number="28" hits="227" branch="false"/>
            <line number="29" hits="227" branch="false"/>
            <line number="30" hits="227" branch="false"/>
            <line number="31" hits="227" branch="false"/>
            <line number="32" hits="227" branch="false"/>
            <line number="33" hits="227" branch="false"/>
            <line number="34" hits="227" branch="false"/>
            <line number="35" hits="227" branch="false"/>
            <line number="36" hits="227" branch="false"/>
            <line number="37" hits="1" branch="false"/>
            <line number="38" hits="1" branch="true" condition-coverage="100% (1/1)"/>
            <line number="39" hits="1" branch="false"/>
            <line number="40" hits="1" branch="false"/>
            <line number="41" hits="1" branch="false"/>
            <line number="42" hits="1" branch="false"/>
            <line number="43" hits="1" branch="false"/>
            <line number="44" hits="1" branch="false"/>
            <line number="45" hits="1" branch="false"/>
            <line number="46" hits="1" branch="false"/>
            <line number="47" hits="1" branch="false"/>
            <line number="48" hits="1" branch="false"/>
            <line number="49" hits="1" branch="false"/>
          </lines>
        </class>
      </classes>
    </package>
    <package name="src.components.Home" line-rate="1" branch-rate="1">
      <classes>
        <class name="Home.jsx" filename="src/components/Home/Home.jsx" line-rate="1" branch-rate="1">
          <methods>
            <method name="get" hits="2" signature="()V">
              <lines>
                <line number="20" hits="2"/>
              </lines>
            </method>
            <method name="TradingView" hits="2" signature="()V">
              <lines>
                <line number="13" hits="2"/>
              </lines>
            </method>
          </methods>
          <lines>
            <line number="1" hits="1" branch="false"/>
            <line number="2" hits="1" branch="false"/>
            <line number="3" hits="1" branch="false"/>
            <line number="4" hits="1" branch="false"/>
            <line number="5" hits="1" branch="false"/>
            <line number="6" hits="1" branch="false"/>
            <line number="7" hits="1" branch="false"/>
            <line number="8" hits="1" branch="false"/>
            <line number="9" hits="1" branch="false"/>
            <line number="10" hits="1" branch="false"/>
            <line number="11" hits="1" branch="false"/>
            <line number="12" hits="1" branch="false"/>
            <line number="13" hits="2" branch="true" condition-coverage="100% (1/1)"/>
            <line number="14" hits="2" branch="false"/>
            <line number="15" hits="2" branch="false"/>
            <line number="16" hits="2" branch="false"/>
            <line number="17" hits="2" branch="false"/>
            <line number="18" hits="2" branch="false"/>
            <line number="19" hits="1" branch="false"/>
            <line number="20" hits="1" branch="true" condition-coverage="100% (1/1)"/>
          </lines>
        </class>
      </classes>
    </package>
    <package name="src.components.IndicatorConfiguration" line-rate="0.9347" branch-rate="1">
      <classes>
        <class name="IndicatorConfiguration.jsx" filename="src/components/IndicatorConfiguration/IndicatorConfiguration.jsx" line-rate="0.9347" branch-rate="1">
          <methods>
            <method name="get" hits="229" signature="()V">
              <lines>
                <line number="92" hits="229"/>
              </lines>
            </method>
            <method name="IndicatorConfiguration" hits="229" signature="()V">
              <lines>
                <line number="19" hits="229"/>
              </lines>
            </method>
            <method name="handleKeyDown" hits="0" signature="()V">
              <lines>
                <line number="41" hits="0"/>
              </lines>
            </method>
            <method name="handleDone" hits="2" signature="()V">
              <lines>
                <line number="60" hits="2"/>
              </lines>
            </method>
          </methods>
          <lines>
            <line number="1" hits="1" branch="false"/>
            <line number="2" hits="1" branch="false"/>
            <line number="3" hits="1" branch="false"/>
            <line number="4" hits="1" branch="false"/>
            <line number="5" hits="1" branch="false"/>
            <line number="6" hits="1" branch="false"/>
            <line number="7" hits="1" branch="false"/>
            <line number="8" hits="1" branch="false"/>
            <line number="9" hits="1" branch="false"/>
            <line number="10" hits="1" branch="false"/>
            <line number="11" hits="1" branch="false"/>
            <line number="12" hits="1" branch="false"/>
            <line number="13" hits="1" branch="false"/>
            <line number="14" hits="1" branch="false"/>
            <line number="15" hits="1" branch="false"/>
            <line number="16" hits="1" branch="false"/>
            <line number="17" hits="1" branch="false"/>
            <line number="18" hits="1" branch="false"/>
            <line number="19" hits="229" branch="true" condition-coverage="100% (1/1)"/>
            <line number="20" hits="229" branch="false"/>
            <line number="21" hits="229" branch="false"/>
            <line number="22" hits="229" branch="false"/>
            <line number="23" hits="229" branch="false"/>
            <line number="24" hits="229" branch="false"/>
            <line number="25" hits="229" branch="false"/>
            <line number="26" hits="229" branch="false"/>
            <line number="27" hits="229" branch="false"/>
            <line number="28" hits="229" branch="false"/>
            <line number="29" hits="229" branch="false"/>
            <line number="30" hits="229" branch="false"/>
            <line number="31" hits="229" branch="false"/>
            <line number="32" hits="229" branch="false"/>
            <line number="33" hits="229" branch="false"/>
            <line number="34" hits="229" branch="false"/>
            <line number="35" hits="229" branch="false"/>
            <line number="36" hits="229" branch="false"/>
            <line number="37" hits="229" branch="false"/>
            <line number="38" hits="229" branch="false"/>
            <line number="39" hits="229" branch="false"/>
            <line number="40" hits="229" branch="true" condition-coverage="100% (1/1)"/>
            <line number="41" hits="28" branch="false"/>
            <line number="42" hits="0" branch="false"/>
            <line number="43" hits="0" branch="false"/>
            <line number="44" hits="0" branch="false"/>
            <line number="45" hits="0" branch="false"/>
            <line number="46" hits="0" branch="false"/>
            <line number="47" hits="0" branch="false"/>
            <line number="48" hits="28" branch="false"/>
            <line number="49" hits="28" branch="true" condition-coverage="100% (1/1)"/>
            <line number="50" hits="5" branch="false"/>
            <line number="51" hits="28" branch="true" condition-coverage="100% (1/1)"/>
            <line number="52" hits="23" branch="false"/>
            <line number="53" hits="23" branch="false"/>
            <line number="54" hits="28" branch="false"/>
            <line number="55" hits="28" branch="true" condition-coverage="100% (1/1)"/>
            <line number="56" hits="28" branch="false"/>
            <line number="57" hits="28" branch="false"/>
            <line number="58" hits="229" branch="false"/>
            <line number="59" hits="229" branch="false"/>
            <line number="60" hits="229" branch="true" condition-coverage="100% (1/1)"/>
            <line number="61" hits="2" branch="false"/>
            <line number="62" hits="2" branch="false"/>
            <line number="63" hits="2" branch="false"/>
            <line number="64" hits="229" branch="false"/>
            <line number="65" hits="229" branch="false"/>
            <line number="66" hits="229" branch="false"/>
            <line number="67" hits="229" branch="false"/>
            <line number="68" hits="229" branch="false"/>
            <line number="69" hits="229" branch="false"/>
            <line number="70" hits="229" branch="false"/>
            <line number="71" hits="229" branch="false"/>
            <line number="72" hits="229" branch="false"/>
            <line number="73" hits="229" branch="false"/>
            <line number="74" hits="229" branch="false"/>
            <line number="75" hits="229" branch="false"/>
            <line number="76" hits="229" branch="false"/>
            <line number="77" hits="229" branch="false"/>
            <line number="78" hits="229" branch="false"/>
            <line number="79" hits="229" branch="false"/>
            <line number="80" hits="229" branch="false"/>
            <line number="81" hits="229" branch="false"/>
            <line number="82" hits="229" branch="false"/>
            <line number="83" hits="1" branch="false"/>
            <line number="84" hits="1" branch="false"/>
            <line number="85" hits="1" branch="false"/>
            <line number="86" hits="1" branch="false"/>
            <line number="87" hits="1" branch="false"/>
            <line number="88" hits="1" branch="false"/>
            <line number="89" hits="1" branch="false"/>
            <line number="90" hits="1" branch="false"/>
            <line number="91" hits="1" branch="false"/>
            <line number="92" hits="1" branch="true" condition-coverage="100% (1/1)"/>
          </lines>
        </class>
      </classes>
    </package>
    <package name="src.components.Indicators" line-rate="1" branch-rate="1">
      <classes>
        <class name="Indicators.jsx" filename="src/components/Indicators/Indicators.jsx" line-rate="1" branch-rate="1">
          <methods>
            <method name="get" hits="2" signature="()V">
              <lines>
                <line number="109" hits="2"/>
              </lines>
            </method>
            <method name="Indicators" hits="2" signature="()V">
              <lines>
                <line number="13" hits="2"/>
              </lines>
            </method>
            <method name="onRemoveIndicator" hits="0" signature="()V">
              <lines>
                <line number="15" hits="0"/>
              </lines>
            </method>
            <method name="setshowIndicatorModal" hits="0" signature="()V">
              <lines>
                <line number="16" hits="0"/>
              </lines>
            </method>
            <method name="onClick" hits="1" signature="()V">
              <lines>
                <line number="64" hits="1"/>
              </lines>
            </method>
            <method name="onClick" hits="1" signature="()V">
              <lines>
                <line number="78" hits="1"/>
              </lines>
            </method>
          </methods>
          <lines>
            <line number="1" hits="1" branch="false"/>
            <line number="2" hits="1" branch="false"/>
            <line number="3" hits="1" branch="false"/>
            <line number="4" hits="1" branch="false"/>
            <line number="5" hits="1" branch="false"/>
            <line number="6" hits="1" branch="false"/>
            <line number="7" hits="1" branch="false"/>
            <line number="8" hits="1" branch="false"/>
            <line number="9" hits="1" branch="false"/>
            <line number="10" hits="1" branch="false"/>
            <line number="11" hits="1" branch="false"/>
            <line number="12" hits="1" branch="false"/>
            <line number="13" hits="2" branch="true" condition-coverage="100% (1/1)"/>
            <line number="14" hits="2" branch="false"/>
            <line number="15" hits="2" branch="false"/>
            <line number="16" hits="2" branch="false"/>
            <line number="17" hits="2" branch="false"/>
            <line number="18" hits="2" branch="false"/>
            <line number="19" hits="2" branch="false"/>
            <line number="20" hits="2" branch="false"/>
            <line number="21" hits="2" branch="false"/>
            <line number="22" hits="2" branch="false"/>
            <line number="23" hits="2" branch="true" condition-coverage="100% (1/1)"/>
            <line number="24" hits="3" branch="false"/>
            <line number="25" hits="3" branch="false"/>
            <line number="26" hits="3" branch="false"/>
            <line number="27" hits="3" branch="false"/>
            <line number="28" hits="3" branch="false"/>
            <line number="29" hits="3" branch="false"/>
            <line number="30" hits="3" branch="false"/>
            <line number="31" hits="3" branch="false"/>
            <line number="32" hits="3" branch="false"/>
            <line number="33" hits="3" branch="false"/>
            <line number="34" hits="3" branch="false"/>
            <line number="35" hits="3" branch="false"/>
            <line number="36" hits="3" branch="false"/>
            <line number="37" hits="3" branch="false"/>
            <line number="38" hits="3" branch="false"/>
            <line number="39" hits="3" branch="false"/>
            <line number="40" hits="3" branch="false"/>
            <line number="41" hits="3" branch="false"/>
            <line number="42" hits="3" branch="false"/>
            <line number="43" hits="3" branch="false"/>
            <line number="44" hits="3" branch="false"/>
            <line number="45" hits="3" branch="false"/>
            <line number="46" hits="3" branch="false"/>
            <line number="47" hits="3" branch="false"/>
            <line number="48" hits="3" branch="false"/>
            <line number="49" hits="3" branch="false"/>
            <line number="50" hits="3" branch="false"/>
            <line number="51" hits="3" branch="false"/>
            <line number="52" hits="3" branch="false"/>
            <line number="53" hits="3" branch="false"/>
            <line number="54" hits="3" branch="false"/>
            <line number="55" hits="3" branch="false"/>
            <line number="56" hits="3" branch="false"/>
            <line number="57" hits="3" branch="false"/>
            <line number="58" hits="3" branch="false"/>
            <line number="59" hits="3" branch="false"/>
            <line number="60" hits="3" branch="false"/>
            <line number="61" hits="3" branch="false"/>
            <line number="62" hits="3" branch="false"/>
            <line number="63" hits="3" branch="false"/>
            <line number="64" hits="3" branch="true" condition-coverage="100% (1/1)"/>
            <line number="65" hits="3" branch="false"/>
            <line number="66" hits="3" branch="false"/>
            <line number="67" hits="3" branch="false"/>
            <line number="68" hits="3" branch="false"/>
            <line number="69" hits="3" branch="false"/>
            <line number="70" hits="3" branch="false"/>
            <line number="71" hits="3" branch="false"/>
            <line number="72" hits="3" branch="false"/>
            <line number="73" hits="3" branch="false"/>
            <line number="74" hits="3" branch="false"/>
            <line number="75" hits="3" branch="false"/>
            <line number="76" hits="3" branch="false"/>
            <line number="77" hits="3" branch="false"/>
            <line number="78" hits="3" branch="true" condition-coverage="100% (1/1)"/>
            <line number="79" hits="3" branch="false"/>
            <line number="80" hits="3" branch="false"/>
            <line number="81" hits="3" branch="false"/>
            <line number="82" hits="3" branch="false"/>
            <line number="83" hits="3" branch="false"/>
            <line number="84" hits="3" branch="false"/>
            <line number="85" hits="3" branch="false"/>
            <line number="86" hits="3" branch="false"/>
            <line number="87" hits="3" branch="false"/>
            <line number="88" hits="3" branch="false"/>
            <line number="89" hits="3" branch="false"/>
            <line number="90" hits="3" branch="false"/>
            <line number="91" hits="3" branch="false"/>
            <line number="92" hits="3" branch="false"/>
            <line number="93" hits="3" branch="false"/>
            <line number="94" hits="3" branch="false"/>
            <line number="95" hits="2" branch="false"/>
            <line number="96" hits="2" branch="false"/>
            <line number="97" hits="2" branch="false"/>
            <line number="98" hits="1" branch="false"/>
            <line number="99" hits="1" branch="false"/>
            <line number="100" hits="1" branch="false"/>
            <line number="101" hits="1" branch="false"/>
            <line number="102" hits="1" branch="false"/>
            <line number="103" hits="1" branch="false"/>
            <line number="104" hits="1" branch="false"/>
            <line number="105" hits="1" branch="false"/>
            <line number="106" hits="1" branch="false"/>
            <line number="107" hits="1" branch="false"/>
            <line number="108" hits="1" branch="false"/>
            <line number="109" hits="1" branch="true" condition-coverage="100% (1/1)"/>
          </lines>
        </class>
      </classes>
    </package>
    <package name="src.components.Legends" line-rate="1" branch-rate="0.9333">
      <classes>
        <class name="Legends.jsx" filename="src/components/Legends/Legends.jsx" line-rate="1" branch-rate="0.9285">
          <methods>
            <method name="get" hits="228" signature="()V">
              <lines>
                <line number="195" hits="228"/>
              </lines>
            </method>
            <method name="Legends" hits="231" signature="()V">
              <lines>
                <line number="15" hits="231"/>
              </lines>
            </method>
            <method name="onRemoveChart" hits="0" signature="()V">
              <lines>
                <line number="17" hits="0"/>
              </lines>
            </method>
            <method name="onRemoveIndicator" hits="0" signature="()V">
              <lines>
                <line number="19" hits="0"/>
              </lines>
            </method>
            <method name="setshowIndicatorModal" hits="0" signature="()V">
              <lines>
                <line number="20" hits="0"/>
              </lines>
            </method>
            <method name="showAddIndicatorForVariableModal" hits="0" signature="()V">
              <lines>
                <line number="21" hits="0"/>
              </lines>
            </method>
            <method name="onClick" hits="1" signature="()V">
              <lines>
                <line number="72" hits="1"/>
              </lines>
            </method>
            <method name="onClick" hits="2" signature="()V">
              <lines>
                <line number="84" hits="2"/>
              </lines>
            </method>
            <method name="onClick" hits="2" signature="()V">
              <lines>
                <line number="134" hits="2"/>
              </lines>
            </method>
            <method name="onClick" hits="4" signature="()V">
              <lines>
                <line number="150" hits="4"/>
              </lines>
            </method>
          </methods>
          <lines>
            <line number="1" hits="1" branch="false"/>
            <line number="2" hits="1" branch="false"/>
            <line number="3" hits="1" branch="false"/>
            <line number="4" hits="1" branch="false"/>
            <line number="5" hits="1" branch="false"/>
            <line number="6" hits="1" branch="false"/>
            <line number="7" hits="1" branch="false"/>
            <line number="8" hits="1" branch="false"/>
            <line number="9" hits="1" branch="false"/>
            <line number="10" hits="1" branch="false"/>
            <line number="11" hits="1" branch="false"/>
            <line number="12" hits="1" branch="false"/>
            <line number="13" hits="1" branch="false"/>
            <line number="14" hits="1" branch="false"/>
            <line number="15" hits="231" branch="true" condition-coverage="100% (1/1)"/>
            <line number="16" hits="231" branch="false"/>
            <line number="17" hits="231" branch="false"/>
            <line number="18" hits="231" branch="false"/>
            <line number="19" hits="231" branch="false"/>
            <line number="20" hits="231" branch="false"/>
            <line number="21" hits="231" branch="false"/>
            <line number="22" hits="231" branch="false"/>
            <line number="23" hits="231" branch="false"/>
            <line number="24" hits="231" branch="false"/>
            <line number="25" hits="231" branch="true" condition-coverage="100% (1/1)"/>
            <line number="26" hits="231" branch="false"/>
            <line number="27" hits="231" branch="false"/>
            <line number="28" hits="231" branch="true" condition-coverage="75% (3/4)"/>
            <line number="29" hits="220" branch="false"/>
            <line number="30" hits="220" branch="false"/>
            <line number="31" hits="220" branch="false"/>
            <line number="32" hits="220" branch="false"/>
            <line number="33" hits="220" branch="false"/>
            <line number="34" hits="220" branch="false"/>
            <line number="35" hits="220" branch="false"/>
            <line number="36" hits="220" branch="false"/>
            <line number="37" hits="220" branch="false"/>
            <line number="38" hits="220" branch="false"/>
            <line number="39" hits="220" branch="false"/>
            <line number="40" hits="220" branch="false"/>
            <line number="41" hits="220" branch="false"/>
            <line number="42" hits="220" branch="false"/>
            <line number="43" hits="220" branch="false"/>
            <line number="44" hits="220" branch="false"/>
            <line number="45" hits="220" branch="false"/>
            <line number="46" hits="220" branch="false"/>
            <line number="47" hits="220" branch="false"/>
            <line number="48" hits="220" branch="false"/>
            <line number="49" hits="220" branch="false"/>
            <line number="50" hits="220" branch="false"/>
            <line number="51" hits="220" branch="false"/>
            <line number="52" hits="220" branch="false"/>
            <line number="53" hits="220" branch="false"/>
            <line number="54" hits="220" branch="false"/>
            <line number="55" hits="220" branch="false"/>
            <line number="56" hits="220" branch="false"/>
            <line number="57" hits="220" branch="false"/>
            <line number="58" hits="220" branch="false"/>
            <line number="59" hits="220" branch="false"/>
            <line number="60" hits="220" branch="false"/>
            <line number="61" hits="220" branch="false"/>
            <line number="62" hits="220" branch="false"/>
            <line number="63" hits="220" branch="false"/>
            <line number="64" hits="220" branch="false"/>
            <line number="65" hits="220" branch="false"/>
            <line number="66" hits="220" branch="false"/>
            <line number="67" hits="220" branch="false"/>
            <line number="68" hits="220" branch="false"/>
            <line number="69" hits="220" branch="false"/>
            <line number="70" hits="220" branch="false"/>
            <line number="71" hits="220" branch="false"/>
            <line number="72" hits="220" branch="true" condition-coverage="100% (1/1)"/>
            <line number="73" hits="1" branch="false"/>
            <line number="74" hits="1" branch="false"/>
            <line number="75" hits="1" branch="false"/>
            <line number="76" hits="220" branch="false"/>
            <line number="77" hits="220" branch="false"/>
            <line number="78" hits="220" branch="false"/>
            <line number="79" hits="220" branch="false"/>
            <line number="80" hits="220" branch="false"/>
            <line number="81" hits="220" branch="false"/>
            <line number="82" hits="220" branch="false"/>
            <line number="83" hits="220" branch="false"/>
            <line number="84" hits="220" branch="true" condition-coverage="100% (1/1)"/>
            <line number="85" hits="220" branch="false"/>
            <line number="86" hits="220" branch="false"/>
            <line number="87" hits="220" branch="false"/>
            <line number="88" hits="220" branch="false"/>
            <line number="89" hits="220" branch="false"/>
            <line number="90" hits="220" branch="false"/>
            <line number="91" hits="220" branch="false"/>
            <line number="92" hits="220" branch="false"/>
            <line number="93" hits="220" branch="false"/>
            <line number="94" hits="220" branch="false"/>
            <line number="95" hits="220" branch="false"/>
            <line number="96" hits="220" branch="false"/>
            <line number="97" hits="220" branch="false"/>
            <line number="98" hits="220" branch="false"/>
            <line number="99" hits="220" branch="false"/>
            <line number="100" hits="220" branch="false"/>
            <line number="101" hits="220" branch="false"/>
            <line number="102" hits="220" branch="false"/>
            <line number="103" hits="220" branch="false"/>
            <line number="104" hits="220" branch="false"/>
            <line number="105" hits="220" branch="false"/>
            <line number="106" hits="220" branch="true" condition-coverage="100% (3/3)"/>
            <line number="107" hits="150" branch="false"/>
            <line number="108" hits="150" branch="false"/>
            <line number="109" hits="150" branch="false"/>
            <line number="110" hits="150" branch="false"/>
            <line number="111" hits="150" branch="false"/>
            <line number="112" hits="150" branch="false"/>
            <line number="113" hits="150" branch="false"/>
            <line number="114" hits="150" branch="false"/>
            <line number="115" hits="150" branch="false"/>
            <line number="116" hits="150" branch="false"/>
            <line number="117" hits="150" branch="false"/>
            <line number="118" hits="150" branch="false"/>
            <line number="119" hits="150" branch="false"/>
            <line number="120" hits="150" branch="false"/>
            <line number="121" hits="150" branch="false"/>
            <line number="122" hits="150" branch="false"/>
            <line number="123" hits="150" branch="false"/>
            <line number="124" hits="150" branch="false"/>
            <line number="125" hits="150" branch="false"/>
            <line number="126" hits="150" branch="false"/>
            <line number="127" hits="150" branch="false"/>
            <line number="128" hits="150" branch="false"/>
            <line number="129" hits="150" branch="false"/>
            <line number="130" hits="150" branch="false"/>
            <line number="131" hits="150" branch="false"/>
            <line number="132" hits="150" branch="false"/>
            <line number="133" hits="150" branch="false"/>
            <line number="134" hits="150" branch="true" condition-coverage="100% (1/1)"/>
            <line number="135" hits="150" branch="false"/>
            <line number="136" hits="150" branch="false"/>
            <line number="137" hits="150" branch="false"/>
            <line number="138" hits="150" branch="false"/>
            <line number="139" hits="150" branch="false"/>
            <line number="140" hits="150" branch="false"/>
            <line number="141" hits="150" branch="false"/>
            <line number="142" hits="150" branch="false"/>
            <line number="143" hits="150" branch="false"/>
            <line number="144" hits="150" branch="false"/>
            <line number="145" hits="150" branch="false"/>
            <line number="146" hits="150" branch="false"/>
            <line number="147" hits="150" branch="false"/>
            <line number="148" hits="150" branch="false"/>
            <line number="149" hits="150" branch="false"/>
            <line number="150" hits="150" branch="true" condition-coverage="100% (1/1)"/>
            <line number="151" hits="150" branch="false"/>
            <line number="152" hits="150" branch="false"/>
            <line number="153" hits="150" branch="false"/>
            <line number="154" hits="150" branch="false"/>
            <line number="155" hits="150" branch="false"/>
            <line number="156" hits="150" branch="false"/>
            <line number="157" hits="150" branch="false"/>
            <line number="158" hits="150" branch="false"/>
            <line number="159" hits="150" branch="false"/>
            <line number="160" hits="150" branch="false"/>
            <line number="161" hits="150" branch="false"/>
            <line number="162" hits="150" branch="false"/>
            <line number="163" hits="220" branch="false"/>
            <line number="164" hits="220" branch="false"/>
            <line number="165" hits="220" branch="false"/>
            <line number="166" hits="220" branch="false"/>
            <line number="167" hits="220" branch="false"/>
            <line number="168" hits="220" branch="false"/>
            <line number="169" hits="231" branch="false"/>
            <line number="170" hits="231" branch="false"/>
            <line number="171" hits="231" branch="false"/>
            <line number="172" hits="1" branch="false"/>
            <line number="173" hits="1" branch="false"/>
            <line number="174" hits="1" branch="false"/>
            <line number="175" hits="1" branch="false"/>
            <line number="176" hits="1" branch="false"/>
            <line number="177" hits="1" branch="false"/>
            <line number="178" hits="1" branch="false"/>
            <line number="179" hits="1" branch="false"/>
            <line number="180" hits="1" branch="false"/>
            <line number="181" hits="1" branch="false"/>
            <line number="182" hits="1" branch="false"/>
            <line number="183" hits="1" branch="false"/>
            <line number="184" hits="1" branch="false"/>
            <line number="185" hits="1" branch="false"/>
            <line number="186" hits="1" branch="false"/>
            <line number="187" hits="1" branch="false"/>
            <line number="188" hits="1" branch="false"/>
            <line number="189" hits="1" branch="false"/>
            <line number="190" hits="1" branch="false"/>
            <line number="191" hits="1" branch="false"/>
            <line number="192" hits="1" branch="false"/>
            <line number="193" hits="1" branch="false"/>
            <line number="194" hits="1" branch="false"/>
            <line number="195" hits="1" branch="true" condition-coverage="100% (1/1)"/>
          </lines>
        </class>
        <class name="Legends.styles.jsx" filename="src/components/Legends/Legends.styles.jsx" line-rate="1" branch-rate="1">
          <methods>
          </methods>
          <lines>
            <line number="1" hits="1" branch="false"/>
            <line number="2" hits="1" branch="false"/>
            <line number="3" hits="1" branch="false"/>
            <line number="4" hits="1" branch="false"/>
            <line number="5" hits="1" branch="false"/>
            <line number="6" hits="1" branch="false"/>
            <line number="7" hits="1" branch="false"/>
            <line number="8" hits="1" branch="false"/>
            <line number="9" hits="1" branch="false"/>
            <line number="10" hits="1" branch="false"/>
            <line number="11" hits="1" branch="false"/>
            <line number="12" hits="1" branch="false"/>
            <line number="13" hits="1" branch="false"/>
            <line number="14" hits="1" branch="false"/>
            <line number="15" hits="1" branch="false"/>
            <line number="16" hits="1" branch="false"/>
            <line number="17" hits="1" branch="false"/>
            <line number="18" hits="1" branch="false"/>
            <line number="19" hits="1" branch="false"/>
            <line number="20" hits="1" branch="false"/>
            <line number="21" hits="1" branch="false"/>
            <line number="22" hits="1" branch="false"/>
            <line number="23" hits="1" branch="false"/>
            <line number="24" hits="1" branch="false"/>
            <line number="25" hits="1" branch="true" condition-coverage="100% (1/1)"/>
            <line number="26" hits="376" branch="false"/>
            <line number="27" hits="376" branch="false"/>
            <line number="28" hits="1" branch="false"/>
            <line number="29" hits="1" branch="false"/>
          </lines>
        </class>
      </classes>
    </package>
    <package name="src.components.LegendsConfiguration" line-rate="0.9893000000000001" branch-rate="0.95">
      <classes>
        <class name="LegendsConfiguration.jsx" filename="src/components/LegendsConfiguration/LegendsConfiguration.jsx" line-rate="0.9903" branch-rate="0.9487000000000001">
          <methods>
            <method name="get" hits="21" signature="()V">
              <lines>
                <line number="311" hits="21"/>
              </lines>
            </method>
            <method name="legendIndicatorReducer" hits="92" signature="()V">
              <lines>
                <line number="31" hits="92"/>
              </lines>
            </method>
            <method name="LegendsConfiguration" hits="248" signature="()V">
              <lines>
                <line number="95" hits="248"/>
              </lines>
            </method>
            <method name="handleMaLenCancel" hits="2" signature="()V">
              <lines>
                <line number="128" hits="2"/>
              </lines>
            </method>
            <method name="handleMaxLenOk" hits="1" signature="()V">
              <lines>
                <line number="133" hits="1"/>
              </lines>
            </method>
            <method name="removeChart" hits="1" signature="()V">
              <lines>
                <line number="198" hits="1"/>
              </lines>
            </method>
            <method name="removeIndicator" hits="4" signature="()V">
              <lines>
                <line number="207" hits="4"/>
              </lines>
            </method>
            <method name="addIndicator" hits="17" signature="()V">
              <lines>
                <line number="215" hits="17"/>
              </lines>
            </method>
            <method name="showAddIndicatorForVariableModal" hits="1" signature="()V">
              <lines>
                <line number="223" hits="1"/>
              </lines>
            </method>
            <method name="addIndicatorForVariable" hits="1" signature="()V">
              <lines>
                <line number="228" hits="1"/>
              </lines>
            </method>
            <method name="onClose" hits="1" signature="()V">
              <lines>
                <line number="245" hits="1"/>
              </lines>
            </method>
            <method name="onClick" hits="1" signature="()V">
              <lines>
                <line number="273" hits="1"/>
              </lines>
            </method>
            <method name="onHide" hits="0" signature="()V">
              <lines>
                <line number="289" hits="0"/>
              </lines>
            </method>
            <method name="onChange" hits="2" signature="()V">
              <lines>
                <line number="300" hits="2"/>
              </lines>
            </method>
          </methods>
          <lines>
            <line number="1" hits="1" branch="false"/>
            <line number="2" hits="1" branch="false"/>
            <line number="3" hits="1" branch="false"/>
            <line number="4" hits="1" branch="false"/>
            <line number="5" hits="1" branch="false"/>
            <line number="6" hits="1" branch="false"/>
            <line number="7" hits="1" branch="false"/>
            <line number="8" hits="1" branch="false"/>
            <line number="9" hits="1" branch="false"/>
            <line number="10" hits="1" branch="false"/>
            <line number="11" hits="1" branch="false"/>
            <line number="12" hits="1" branch="false"/>
            <line number="13" hits="1" branch="false"/>
            <line number="14" hits="1" branch="false"/>
            <line number="15" hits="1" branch="false"/>
            <line number="16" hits="1" branch="false"/>
            <line number="17" hits="1" branch="false"/>
            <line number="18" hits="1" branch="false"/>
            <line number="19" hits="1" branch="false"/>
            <line number="20" hits="1" branch="false"/>
            <line number="21" hits="1" branch="false"/>
            <line number="22" hits="1" branch="false"/>
            <line number="23" hits="1" branch="false"/>
            <line number="24" hits="1" branch="false"/>
            <line number="25" hits="1" branch="false"/>
            <line number="26" hits="1" branch="false"/>
            <line number="27" hits="1" branch="false"/>
            <line number="28" hits="1" branch="false"/>
            <line number="29" hits="1" branch="false"/>
            <line number="30" hits="1" branch="false"/>
            <line number="31" hits="1" branch="true" condition-coverage="100% (1/1)"/>
            <line number="32" hits="92" branch="false"/>
            <line number="33" hits="92" branch="false"/>
            <line number="34" hits="92" branch="false"/>
            <line number="35" hits="92" branch="false"/>
            <line number="36" hits="92" branch="false"/>
            <line number="37" hits="92" branch="true" condition-coverage="100% (1/1)"/>
            <line number="38" hits="69" branch="true" condition-coverage="100% (1/1)"/>
            <line number="39" hits="70" branch="false"/>
            <line number="40" hits="70" branch="true" condition-coverage="100% (1/1)"/>
            <line number="41" hits="70" branch="false"/>
            <line number="42" hits="69" branch="false"/>
            <line number="43" hits="92" branch="true" condition-coverage="100% (1/1)"/>
            <line number="44" hits="17" branch="true" condition-coverage="100% (1/1)"/>
            <line number="45" hits="27" branch="false"/>
            <line number="46" hits="27" branch="false"/>
            <line number="47" hits="27" branch="false"/>
            <line number="48" hits="27" branch="false"/>
            <line number="49" hits="27" branch="true" condition-coverage="100% (1/1)"/>
            <line number="50" hits="27" branch="false"/>
            <line number="51" hits="27" branch="false"/>
            <line number="52" hits="27" branch="false"/>
            <line number="53" hits="27" branch="false"/>
            <line number="54" hits="27" branch="false"/>
            <line number="55" hits="27" branch="false"/>
            <line number="56" hits="27" branch="true" condition-coverage="0% (0/1)"/>
            <line number="57" hits="0" branch="false"/>
            <line number="58" hits="0" branch="false"/>
            <line number="59" hits="27" branch="false"/>
            <line number="60" hits="27" branch="false"/>
            <line number="61" hits="17" branch="false"/>
            <line number="62" hits="92" branch="true" condition-coverage="100% (1/1)"/>
            <line number="63" hits="1" branch="false"/>
            <line number="64" hits="1" branch="false"/>
            <line number="65" hits="1" branch="false"/>
            <line number="66" hits="1" branch="false"/>
            <line number="67" hits="1" branch="false"/>
            <line number="68" hits="1" branch="false"/>
            <line number="69" hits="1" branch="false"/>
            <line number="70" hits="92" branch="true" condition-coverage="100% (1/1)"/>
            <line number="71" hits="4" branch="false"/>
            <line number="72" hits="4" branch="false"/>
            <line number="73" hits="4" branch="false"/>
            <line number="74" hits="4" branch="false"/>
            <line number="75" hits="4" branch="true" condition-coverage="100% (1/1)"/>
            <line number="76" hits="4" branch="false"/>
            <line number="77" hits="4" branch="false"/>
            <line number="78" hits="92" branch="true" condition-coverage="100% (1/1)"/>
            <line number="79" hits="1" branch="false"/>
            <line number="80" hits="92" branch="true" condition-coverage="0% (0/1)"/>
            <line number="81" hits="0" branch="false"/>
            <line number="82" hits="92" branch="false"/>
            <line number="83" hits="92" branch="false"/>
            <line number="84" hits="1" branch="false"/>
            <line number="85" hits="1" branch="false"/>
            <line number="86" hits="1" branch="false"/>
            <line number="87" hits="1" branch="false"/>
            <line number="88" hits="1" branch="false"/>
            <line number="89" hits="1" branch="false"/>
            <line number="90" hits="1" branch="false"/>
            <line number="91" hits="1" branch="false"/>
            <line number="92" hits="1" branch="false"/>
            <line number="93" hits="1" branch="false"/>
            <line number="94" hits="1" branch="false"/>
            <line number="95" hits="248" branch="true" condition-coverage="100% (1/1)"/>
            <line number="96" hits="248" branch="false"/>
            <line number="97" hits="248" branch="false"/>
            <line number="98" hits="248" branch="false"/>
            <line number="99" hits="248" branch="false"/>
            <line number="100" hits="248" branch="false"/>
            <line number="101" hits="248" branch="false"/>
            <line number="102" hits="248" branch="false"/>
            <line number="103" hits="248" branch="false"/>
            <line number="104" hits="248" branch="false"/>
            <line number="105" hits="248" branch="false"/>
            <line number="106" hits="248" branch="false"/>
            <line number="107" hits="248" branch="false"/>
            <line number="108" hits="248" branch="false"/>
            <line number="109" hits="248" branch="false"/>
            <line number="110" hits="248" branch="false"/>
            <line number="111" hits="248" branch="false"/>
            <line number="112" hits="248" branch="false"/>
            <line number="113" hits="248" branch="false"/>
            <line number="114" hits="248" branch="false"/>
            <line number="115" hits="248" branch="false"/>
            <line number="116" hits="248" branch="false"/>
            <line number="117" hits="248" branch="false"/>
            <line number="118" hits="248" branch="false"/>
            <line number="119" hits="248" branch="false"/>
            <line number="120" hits="248" branch="false"/>
            <line number="121" hits="248" branch="false"/>
            <line number="122" hits="248" branch="false"/>
            <line number="123" hits="248" branch="false"/>
            <line number="124" hits="248" branch="false"/>
            <line number="125" hits="248" branch="false"/>
            <line number="126" hits="248" branch="false"/>
            <line number="127" hits="248" branch="false"/>
            <line number="128" hits="248" branch="true" condition-coverage="100% (1/1)"/>
            <line number="129" hits="2" branch="false"/>
            <line number="130" hits="2" branch="false"/>
            <line number="131" hits="2" branch="false"/>
            <line number="132" hits="248" branch="false"/>
            <line number="133" hits="248" branch="true" condition-coverage="100% (1/1)"/>
            <line number="134" hits="1" branch="false"/>
            <line number="135" hits="1" branch="false"/>
            <line number="136" hits="1" branch="false"/>
            <line number="137" hits="248" branch="false"/>
            <line number="138" hits="248" branch="true" condition-coverage="100% (1/1)"/>
            <line number="139" hits="21" branch="false"/>
            <line number="140" hits="21" branch="false"/>
            <line number="141" hits="21" branch="true" condition-coverage="100% (1/1)"/>
            <line number="142" hits="1806" branch="true" condition-coverage="100% (1/1)"/>
            <line number="143" hits="21" branch="false"/>
            <line number="144" hits="21" branch="false"/>
            <line number="145" hits="1785" branch="true" condition-coverage="100% (1/1)"/>
            <line number="146" hits="1785" branch="false"/>
            <line number="147" hits="1785" branch="false"/>
            <line number="148" hits="1785" branch="false"/>
            <line number="149" hits="1785" branch="true" condition-coverage="100% (1/1)"/>
            <line number="150" hits="273105" branch="false"/>
            <line number="151" hits="273105" branch="false"/>
            <line number="152" hits="273105" branch="false"/>
            <line number="153" hits="273105" branch="false"/>
            <line number="154" hits="273105" branch="false"/>
            <line number="155" hits="273105" branch="false"/>
            <line number="156" hits="273105" branch="false"/>
            <line number="157" hits="273105" branch="false"/>
            <line number="158" hits="1785" branch="false"/>
            <line number="159" hits="1785" branch="false"/>
            <line number="160" hits="1785" branch="false"/>
            <line number="161" hits="1785" branch="false"/>
            <line number="162" hits="1785" branch="false"/>
            <line number="163" hits="21" branch="false"/>
            <line number="164" hits="21" branch="true" condition-coverage="100% (1/1)"/>
            <line number="165" hits="21" branch="false"/>
            <line number="166" hits="21" branch="false"/>
            <line number="167" hits="248" branch="false"/>
            <line number="168" hits="248" branch="false"/>
            <line number="169" hits="248" branch="true" condition-coverage="100% (1/1)"/>
            <line number="170" hits="90" branch="true" condition-coverage="100% (1/1)"/>
            <line number="171" hits="69" branch="false"/>
            <line number="172" hits="69" branch="false"/>
            <line number="173" hits="69" branch="false"/>
            <line number="174" hits="69" branch="false"/>
            <line number="175" hits="69" branch="false"/>
            <line number="176" hits="69" branch="false"/>
            <line number="177" hits="69" branch="false"/>
            <line number="178" hits="69" branch="false"/>
            <line number="179" hits="69" branch="false"/>
            <line number="180" hits="248" branch="false"/>
            <line number="181" hits="248" branch="false"/>
            <line number="182" hits="248" branch="true" condition-coverage="100% (1/1)"/>
            <line number="183" hits="164" branch="true" condition-coverage="100% (1/1)"/>
            <line number="184" hits="143" branch="false"/>
            <line number="185" hits="143" branch="false"/>
            <line number="186" hits="143" branch="false"/>
            <line number="187" hits="143" branch="false"/>
            <line number="188" hits="143" branch="false"/>
            <line number="189" hits="143" branch="false"/>
            <line number="190" hits="143" branch="false"/>
            <line number="191" hits="143" branch="false"/>
            <line number="192" hits="143" branch="false"/>
            <line number="193" hits="248" branch="false"/>
            <line number="194" hits="248" branch="false"/>
            <line number="195" hits="248" branch="false"/>
            <line number="196" hits="248" branch="false"/>
            <line number="197" hits="248" branch="false"/>
            <line number="198" hits="248" branch="true" condition-coverage="100% (1/1)"/>
            <line number="199" hits="1" branch="false"/>
            <line number="200" hits="1" branch="false"/>
            <line number="201" hits="248" branch="false"/>
            <line number="202" hits="248" branch="false"/>
            <line number="203" hits="248" branch="false"/>
            <line number="204" hits="248" branch="false"/>
            <line number="205" hits="248" branch="false"/>
            <line number="206" hits="248" branch="false"/>
            <line number="207" hits="248" branch="true" condition-coverage="100% (1/1)"/>
            <line number="208" hits="4" branch="false"/>
            <line number="209" hits="4" branch="false"/>
            <line number="210" hits="4" branch="false"/>
            <line number="211" hits="4" branch="false"/>
            <line number="212" hits="4" branch="false"/>
            <line number="213" hits="4" branch="false"/>
            <line number="214" hits="248" branch="false"/>
            <line number="215" hits="248" branch="true" condition-coverage="100% (1/1)"/>
            <line number="216" hits="17" branch="false"/>
            <line number="217" hits="17" branch="false"/>
            <line number="218" hits="17" branch="true" condition-coverage="100% (1/1)"/>
            <line number="219" hits="17" branch="true" condition-coverage="100% (1/1)"/>
            <line number="220" hits="17" branch="false"/>
            <line number="221" hits="17" branch="false"/>
            <line number="222" hits="248" branch="false"/>
            <line number="223" hits="248" branch="true" condition-coverage="100% (1/1)"/>
            <line number="224" hits="1" branch="false"/>
            <line number="225" hits="1" branch="false"/>
            <line number="226" hits="1" branch="false"/>
            <line number="227" hits="248" branch="false"/>
            <line number="228" hits="248" branch="true" condition-coverage="100% (1/1)"/>
            <line number="229" hits="1" branch="false"/>
            <line number="230" hits="1" branch="false"/>
            <line number="231" hits="1" branch="false"/>
            <line number="232" hits="1" branch="false"/>
            <line number="233" hits="1" branch="false"/>
            <line number="234" hits="1" branch="false"/>
            <line number="235" hits="1" branch="false"/>
            <line number="236" hits="1" branch="false"/>
            <line number="237" hits="1" branch="false"/>
            <line number="238" hits="248" branch="false"/>
            <line number="239" hits="248" branch="true" condition-coverage="100% (1/1)"/>
            <line number="240" hits="21" branch="false"/>
            <line number="241" hits="21" branch="false"/>
            <line number="242" hits="226" branch="true" condition-coverage="100% (1/1)"/>
            <line number="243" hits="226" branch="false"/>
            <line number="244" hits="226" branch="false"/>
            <line number="245" hits="226" branch="true" condition-coverage="100% (1/1)"/>
            <line number="246" hits="226" branch="false"/>
            <line number="247" hits="226" branch="false"/>
            <line number="248" hits="226" branch="false"/>
            <line number="249" hits="226" branch="false"/>
            <line number="250" hits="226" branch="false"/>
            <line number="251" hits="226" branch="false"/>
            <line number="252" hits="226" branch="false"/>
            <line number="253" hits="226" branch="false"/>
            <line number="254" hits="226" branch="false"/>
            <line number="255" hits="226" branch="false"/>
            <line number="256" hits="226" branch="false"/>
            <line number="257" hits="226" branch="false"/>
            <line number="258" hits="226" branch="false"/>
            <line number="259" hits="226" branch="false"/>
            <line number="260" hits="226" branch="false"/>
            <line number="261" hits="226" branch="false"/>
            <line number="262" hits="226" branch="false"/>
            <line number="263" hits="226" branch="false"/>
            <line number="264" hits="226" branch="false"/>
            <line number="265" hits="226" branch="false"/>
            <line number="266" hits="226" branch="false"/>
            <line number="267" hits="226" branch="false"/>
            <line number="268" hits="226" branch="false"/>
            <line number="269" hits="226" branch="false"/>
            <line number="270" hits="226" branch="false"/>
            <line number="271" hits="248" branch="false"/>
            <line number="272" hits="248" branch="false"/>
            <line number="273" hits="248" branch="true" condition-coverage="100% (1/1)"/>
            <line number="274" hits="1" branch="false"/>
            <line number="275" hits="1" branch="false"/>
            <line number="276" hits="1" branch="false"/>
            <line number="277" hits="248" branch="false"/>
            <line number="278" hits="248" branch="false"/>
            <line number="279" hits="248" branch="false"/>
            <line number="280" hits="248" branch="false"/>
            <line number="281" hits="248" branch="false"/>
            <line number="282" hits="248" branch="false"/>
            <line number="283" hits="248" branch="false"/>
            <line number="284" hits="248" branch="false"/>
            <line number="285" hits="248" branch="false"/>
            <line number="286" hits="248" branch="false"/>
            <line number="287" hits="248" branch="false"/>
            <line number="288" hits="248" branch="false"/>
            <line number="289" hits="248" branch="false"/>
            <line number="290" hits="248" branch="false"/>
            <line number="291" hits="248" branch="false"/>
            <line number="292" hits="248" branch="false"/>
            <line number="293" hits="248" branch="false"/>
            <line number="294" hits="248" branch="false"/>
            <line number="295" hits="248" branch="false"/>
            <line number="296" hits="248" branch="false"/>
            <line number="297" hits="248" branch="false"/>
            <line number="298" hits="248" branch="false"/>
            <line number="299" hits="248" branch="false"/>
            <line number="300" hits="248" branch="true" condition-coverage="100% (1/1)"/>
            <line number="301" hits="248" branch="false"/>
            <line number="302" hits="248" branch="false"/>
            <line number="303" hits="248" branch="false"/>
            <line number="304" hits="248" branch="false"/>
            <line number="305" hits="248" branch="false"/>
            <line number="306" hits="248" branch="false"/>
            <line number="307" hits="248" branch="false"/>
            <line number="308" hits="248" branch="false"/>
            <line number="309" hits="248" branch="false"/>
            <line number="310" hits="1" branch="false"/>
            <line number="311" hits="1" branch="true" condition-coverage="100% (1/1)"/>
          </lines>
        </class>
        <class name="LegendsConfiguration.styles.jsx" filename="src/components/LegendsConfiguration/LegendsConfiguration.styles.jsx" line-rate="0.9845999999999999" branch-rate="1">
          <methods>
          </methods>
          <lines>
            <line number="1" hits="1" branch="false"/>
            <line number="2" hits="1" branch="false"/>
            <line number="3" hits="1" branch="false"/>
            <line number="4" hits="1" branch="false"/>
            <line number="5" hits="1" branch="false"/>
            <line number="6" hits="1" branch="false"/>
            <line number="7" hits="1" branch="false"/>
            <line number="8" hits="1" branch="false"/>
            <line number="9" hits="1" branch="false"/>
            <line number="10" hits="1" branch="false"/>
            <line number="11" hits="1" branch="false"/>
            <line number="12" hits="1" branch="false"/>
            <line number="13" hits="1" branch="false"/>
            <line number="14" hits="1" branch="false"/>
            <line number="15" hits="1" branch="false"/>
            <line number="16" hits="1" branch="false"/>
            <line number="17" hits="1" branch="false"/>
            <line number="18" hits="1" branch="false"/>
            <line number="19" hits="1" branch="false"/>
            <line number="20" hits="1" branch="false"/>
            <line number="21" hits="1" branch="false"/>
            <line number="22" hits="1" branch="false"/>
            <line number="23" hits="1" branch="false"/>
            <line number="24" hits="1" branch="false"/>
            <line number="25" hits="1" branch="false"/>
            <line number="26" hits="1" branch="false"/>
            <line number="27" hits="1" branch="false"/>
            <line number="28" hits="1" branch="false"/>
            <line number="29" hits="1" branch="false"/>
            <line number="30" hits="1" branch="false"/>
            <line number="31" hits="1" branch="false"/>
            <line number="32" hits="1" branch="false"/>
            <line number="33" hits="1" branch="false"/>
            <line number="34" hits="1" branch="false"/>
            <line number="35" hits="1" branch="false"/>
            <line number="36" hits="1" branch="false"/>
            <line number="37" hits="1" branch="false"/>
            <line number="38" hits="1" branch="false"/>
            <line number="39" hits="1" branch="false"/>
            <line number="40" hits="1" branch="false"/>
            <line number="41" hits="1" branch="false"/>
            <line number="42" hits="1" branch="false"/>
            <line number="43" hits="0" branch="false"/>
            <line number="44" hits="1" branch="false"/>
            <line number="45" hits="1" branch="false"/>
            <line number="46" hits="1" branch="false"/>
            <line number="47" hits="1" branch="false"/>
            <line number="48" hits="1" branch="false"/>
            <line number="49" hits="1" branch="true" condition-coverage="100% (1/1)"/>
            <line number="50" hits="226" branch="false"/>
            <line number="51" hits="1" branch="false"/>
            <line number="52" hits="1" branch="false"/>
            <line number="53" hits="1" branch="false"/>
            <line number="54" hits="1" branch="false"/>
            <line number="55" hits="1" branch="false"/>
            <line number="56" hits="1" branch="false"/>
            <line number="57" hits="1" branch="false"/>
            <line number="58" hits="1" branch="false"/>
            <line number="59" hits="1" branch="false"/>
            <line number="60" hits="1" branch="false"/>
            <line number="61" hits="1" branch="false"/>
            <line number="62" hits="1" branch="false"/>
            <line number="63" hits="1" branch="false"/>
            <line number="64" hits="1" branch="false"/>
            <line number="65" hits="1" branch="false"/>
          </lines>
        </class>
      </classes>
    </package>
    <package name="src.components.LineChart" line-rate="0.9140999999999999" branch-rate="0.8665999999999999">
      <classes>
        <class name="LineChart.jsx" filename="src/components/LineChart/LineChart.jsx" line-rate="0.8851" branch-rate="0.8461">
          <methods>
            <method name="get" hits="227" signature="()V">
              <lines>
                <line number="123" hits="227"/>
              </lines>
            </method>
            <method name="LineChart" hits="227" signature="()V">
              <lines>
                <line number="18" hits="227"/>
              </lines>
            </method>
            <method name="onClick" hits="0" signature="()V">
              <lines>
                <line number="95" hits="0"/>
              </lines>
            </method>
            <method name="onClick" hits="0" signature="()V">
              <lines>
                <line number="107" hits="0"/>
              </lines>
            </method>
          </methods>
          <lines>
            <line number="1" hits="1" branch="false"/>
            <line number="2" hits="1" branch="false"/>
            <line number="3" hits="1" branch="false"/>
            <line number="4" hits="1" branch="false"/>
            <line number="5" hits="1" branch="false"/>
            <line number="6" hits="1" branch="false"/>
            <line number="7" hits="1" branch="false"/>
            <line number="8" hits="1" branch="false"/>
            <line number="9" hits="1" branch="false"/>
            <line number="10" hits="1" branch="false"/>
            <line number="11" hits="1" branch="false"/>
            <line number="12" hits="1" branch="false"/>
            <line number="13" hits="1" branch="false"/>
            <line number="14" hits="1" branch="false"/>
            <line number="15" hits="1" branch="false"/>
            <line number="16" hits="1" branch="false"/>
            <line number="17" hits="1" branch="false"/>
            <line number="18" hits="227" branch="true" condition-coverage="100% (1/1)"/>
            <line number="19" hits="227" branch="false"/>
            <line number="20" hits="227" branch="false"/>
            <line number="21" hits="227" branch="false"/>
            <line number="22" hits="227" branch="false"/>
            <line number="23" hits="227" branch="false"/>
            <line number="24" hits="227" branch="false"/>
            <line number="25" hits="227" branch="false"/>
            <line number="26" hits="227" branch="false"/>
            <line number="27" hits="227" branch="false"/>
            <line number="28" hits="227" branch="true" condition-coverage="100% (1/1)"/>
            <line number="29" hits="227" branch="false"/>
            <line number="30" hits="227" branch="false"/>
            <line number="31" hits="227" branch="false"/>
            <line number="32" hits="227" branch="false"/>
            <line number="33" hits="227" branch="false"/>
            <line number="34" hits="227" branch="false"/>
            <line number="35" hits="227" branch="false"/>
            <line number="36" hits="227" branch="false"/>
            <line number="37" hits="227" branch="false"/>
            <line number="38" hits="227" branch="false"/>
            <line number="39" hits="227" branch="false"/>
            <line number="40" hits="227" branch="false"/>
            <line number="41" hits="227" branch="false"/>
            <line number="42" hits="227" branch="false"/>
            <line number="43" hits="227" branch="false"/>
            <line number="44" hits="227" branch="false"/>
            <line number="45" hits="227" branch="false"/>
            <line number="46" hits="227" branch="false"/>
            <line number="47" hits="227" branch="false"/>
            <line number="48" hits="227" branch="false"/>
            <line number="49" hits="227" branch="false"/>
            <line number="50" hits="227" branch="false"/>
            <line number="51" hits="227" branch="false"/>
            <line number="52" hits="227" branch="false"/>
            <line number="53" hits="227" branch="false"/>
            <line number="54" hits="227" branch="false"/>
            <line number="55" hits="227" branch="false"/>
            <line number="56" hits="227" branch="false"/>
            <line number="57" hits="227" branch="true" condition-coverage="100% (1/1)"/>
            <line number="58" hits="352" branch="false"/>
            <line number="59" hits="352" branch="true" condition-coverage="0% (0/1)"/>
            <line number="60" hits="352" branch="false"/>
            <line number="61" hits="352" branch="true" condition-coverage="100% (1/1)"/>
            <line number="62" hits="352" branch="false"/>
            <line number="63" hits="352" branch="false"/>
            <line number="64" hits="352" branch="false"/>
            <line number="65" hits="352" branch="false"/>
            <line number="66" hits="352" branch="false"/>
            <line number="67" hits="352" branch="false"/>
            <line number="68" hits="352" branch="false"/>
            <line number="69" hits="352" branch="true" condition-coverage="100% (1/1)"/>
            <line number="70" hits="53188" branch="false"/>
            <line number="71" hits="53188" branch="false"/>
            <line number="72" hits="53188" branch="false"/>
            <line number="73" hits="352" branch="false"/>
            <line number="74" hits="352" branch="false"/>
            <line number="75" hits="227" branch="false"/>
            <line number="76" hits="227" branch="true" condition-coverage="100% (1/1)"/>
            <line number="77" hits="227" branch="false"/>
            <line number="78" hits="227" branch="false"/>
            <line number="79" hits="227" branch="true" condition-coverage="100% (1/1)"/>
            <line number="80" hits="22" branch="false"/>
            <line number="81" hits="0" branch="false"/>
            <line number="82" hits="0" branch="false"/>
            <line number="83" hits="0" branch="false"/>
            <line number="84" hits="0" branch="false"/>
            <line number="85" hits="0" branch="false"/>
            <line number="86" hits="0" branch="false"/>
            <line number="87" hits="22" branch="false"/>
            <line number="88" hits="22" branch="true" condition-coverage="100% (1/1)"/>
            <line number="89" hits="227" branch="false"/>
            <line number="90" hits="227" branch="false"/>
            <line number="91" hits="227" branch="false"/>
            <line number="92" hits="227" branch="false"/>
            <line number="93" hits="227" branch="false"/>
            <line number="94" hits="227" branch="false"/>
            <line number="95" hits="227" branch="false"/>
            <line number="96" hits="227" branch="false"/>
            <line number="97" hits="227" branch="false"/>
            <line number="98" hits="227" branch="false"/>
            <line number="99" hits="227" branch="false"/>
            <line number="100" hits="227" branch="false"/>
            <line number="101" hits="227" branch="true" condition-coverage="100% (2/2)"/>
            <line number="102" hits="227" branch="false"/>
            <line number="103" hits="227" branch="false"/>
            <line number="104" hits="227" branch="false"/>
            <line number="105" hits="227" branch="false"/>
            <line number="106" hits="227" branch="true" condition-coverage="0% (0/1)"/>
            <line number="107" hits="0" branch="false"/>
            <line number="108" hits="0" branch="false"/>
            <line number="109" hits="0" branch="false"/>
            <line number="110" hits="0" branch="false"/>
            <line number="111" hits="0" branch="false"/>
            <line number="112" hits="0" branch="false"/>
            <line number="113" hits="0" branch="false"/>
            <line number="114" hits="0" branch="false"/>
            <line number="115" hits="0" branch="false"/>
            <line number="116" hits="0" branch="false"/>
            <line number="117" hits="0" branch="false"/>
            <line number="118" hits="227" branch="false"/>
            <line number="119" hits="227" branch="false"/>
            <line number="120" hits="227" branch="false"/>
            <line number="121" hits="227" branch="false"/>
            <line number="122" hits="1" branch="false"/>
            <line number="123" hits="1" branch="true" condition-coverage="100% (1/1)"/>
            <line number="124" hits="1" branch="false"/>
            <line number="125" hits="1" branch="false"/>
            <line number="126" hits="1" branch="false"/>
            <line number="127" hits="1" branch="false"/>
            <line number="128" hits="1" branch="false"/>
            <line number="129" hits="1" branch="false"/>
            <line number="130" hits="1" branch="false"/>
            <line number="131" hits="1" branch="false"/>
            <line number="132" hits="1" branch="false"/>
            <line number="133" hits="1" branch="false"/>
            <line number="134" hits="1" branch="false"/>
            <line number="135" hits="1" branch="false"/>
            <line number="136" hits="1" branch="false"/>
            <line number="137" hits="1" branch="false"/>
            <line number="138" hits="1" branch="false"/>
            <line number="139" hits="1" branch="false"/>
            <line number="140" hits="1" branch="false"/>
            <line number="141" hits="1" branch="false"/>
            <line number="142" hits="1" branch="false"/>
            <line number="143" hits="1" branch="false"/>
            <line number="144" hits="1" branch="false"/>
            <line number="145" hits="1" branch="false"/>
            <line number="146" hits="1" branch="false"/>
            <line number="147" hits="1" branch="false"/>
            <line number="148" hits="1" branch="false"/>
          </lines>
        </class>
        <class name="LineChart.styles.jsx" filename="src/components/LineChart/LineChart.styles.jsx" line-rate="1" branch-rate="1">
          <methods>
            <method name="get" hits="227" signature="()V">
              <lines>
                <line number="50" hits="227"/>
              </lines>
            </method>
          </methods>
          <lines>
            <line number="1" hits="1" branch="false"/>
            <line number="2" hits="1" branch="false"/>
            <line number="3" hits="1" branch="false"/>
            <line number="4" hits="1" branch="false"/>
            <line number="5" hits="1" branch="false"/>
            <line number="6" hits="1" branch="false"/>
            <line number="7" hits="1" branch="false"/>
            <line number="8" hits="1" branch="false"/>
            <line number="9" hits="1" branch="false"/>
            <line number="10" hits="1" branch="false"/>
            <line number="11" hits="1" branch="false"/>
            <line number="12" hits="1" branch="true" condition-coverage="100% (1/1)"/>
            <line number="13" hits="227" branch="false"/>
            <line number="14" hits="1" branch="false"/>
            <line number="15" hits="1" branch="false"/>
            <line number="16" hits="1" branch="false"/>
            <line number="17" hits="1" branch="false"/>
            <line number="18" hits="1" branch="false"/>
            <line number="19" hits="1" branch="false"/>
            <line number="20" hits="1" branch="false"/>
            <line number="21" hits="1" branch="false"/>
            <line number="22" hits="1" branch="false"/>
            <line number="23" hits="1" branch="false"/>
            <line number="24" hits="1" branch="false"/>
            <line number="25" hits="1" branch="false"/>
            <line number="26" hits="1" branch="false"/>
            <line number="27" hits="1" branch="false"/>
            <line number="28" hits="1" branch="false"/>
            <line number="29" hits="1" branch="false"/>
            <line number="30" hits="1" branch="false"/>
            <line number="31" hits="1" branch="false"/>
            <line number="32" hits="1" branch="false"/>
            <line number="33" hits="1" branch="false"/>
            <line number="34" hits="1" branch="false"/>
            <line number="35" hits="1" branch="false"/>
            <line number="36" hits="1" branch="false"/>
            <line number="37" hits="1" branch="false"/>
            <line number="38" hits="1" branch="false"/>
            <line number="39" hits="1" branch="false"/>
            <line number="40" hits="1" branch="false"/>
            <line number="41" hits="1" branch="false"/>
            <line number="42" hits="1" branch="false"/>
            <line number="43" hits="1" branch="false"/>
            <line number="44" hits="1" branch="false"/>
            <line number="45" hits="1" branch="false"/>
            <line number="46" hits="1" branch="false"/>
            <line number="47" hits="1" branch="false"/>
            <line number="48" hits="1" branch="false"/>
            <line number="49" hits="1" branch="false"/>
            <line number="50" hits="1" branch="true" condition-coverage="100% (1/1)"/>
          </lines>
        </class>
      </classes>
    </package>
    <package name="src.components.ModalIndicators" line-rate="1" branch-rate="0.9229999999999999">
      <classes>
        <class name="ModalIndicators.jsx" filename="src/components/ModalIndicators/ModalIndicators.jsx" line-rate="1" branch-rate="0.9229999999999999">
          <methods>
            <method name="get" hits="306" signature="()V">
              <lines>
                <line number="116" hits="306"/>
              </lines>
            </method>
            <method name="ModalIndicators" hits="328" signature="()V">
              <lines>
                <line number="25" hits="328"/>
              </lines>
            </method>
            <method name="handleShow" hits="18" signature="()V">
              <lines>
                <line number="48" hits="18"/>
              </lines>
            </method>
            <method name="handleClose" hits="19" signature="()V">
              <lines>
                <line number="49" hits="19"/>
              </lines>
            </method>
            <method name="handleChange" hits="1" signature="()V">
              <lines>
                <line number="50" hits="1"/>
              </lines>
            </method>
            <method name="handleSelectIndicator" hits="19" signature="()V">
              <lines>
                <line number="58" hits="19"/>
              </lines>
            </method>
            <method name="onClick" hits="19" signature="()V">
              <lines>
                <line number="98" hits="19"/>
              </lines>
            </method>
          </methods>
          <lines>
            <line number="1" hits="1" branch="false"/>
            <line number="2" hits="1" branch="false"/>
            <line number="3" hits="1" branch="false"/>
            <line number="4" hits="1" branch="false"/>
            <line number="5" hits="1" branch="false"/>
            <line number="6" hits="1" branch="false"/>
            <line number="7" hits="1" branch="false"/>
            <line number="8" hits="1" branch="false"/>
            <line number="9" hits="1" branch="false"/>
            <line number="10" hits="1" branch="false"/>
            <line number="11" hits="1" branch="false"/>
            <line number="12" hits="1" branch="false"/>
            <line number="13" hits="1" branch="false"/>
            <line number="14" hits="1" branch="false"/>
            <line number="15" hits="1" branch="false"/>
            <line number="16" hits="1" branch="false"/>
            <line number="17" hits="1" branch="false"/>
            <line number="18" hits="1" branch="false"/>
            <line number="19" hits="1" branch="false"/>
            <line number="20" hits="1" branch="false"/>
            <line number="21" hits="1" branch="false"/>
            <line number="22" hits="1" branch="false"/>
            <line number="23" hits="1" branch="false"/>
[...]
      <classes>
        <class name="TimeFilter.jsx" filename="src/components/TimeFilter/TimeFilter.jsx" line-rate="1" branch-rate="1">
          <methods>
            <method name="get" hits="310" signature="()V">
              <lines>
                <line number="96" hits="310"/>
              </lines>
            </method>
            <method name="TimeFilter" hits="313" signature="()V">
              <lines>
                <line number="15" hits="313"/>
              </lines>
            </method>
            <method name="onSelectOption" hits="4" signature="()V">
              <lines>
                <line number="35" hits="4"/>
              </lines>
            </method>
            <method name="onClick" hits="2" signature="()V">
              <lines>
                <line number="47" hits="2"/>
              </lines>
            </method>
            <method name="onClick" hits="1" signature="()V">
              <lines>
                <line number="57" hits="1"/>
              </lines>
            </method>
            <method name="onClick" hits="1" signature="()V">
              <lines>
                <line number="83" hits="1"/>
              </lines>
            </method>
          </methods>
          <lines>
            <line number="1" hits="1" branch="false"/>
            <line number="2" hits="1" branch="false"/>
            <line number="3" hits="1" branch="false"/>
            <line number="4" hits="1" branch="false"/>
            <line number="5" hits="1" branch="false"/>
            <line number="6" hits="1" branch="false"/>
            <line number="7" hits="1" branch="false"/>
            <line number="8" hits="1" branch="false"/>
            <line number="9" hits="1" branch="false"/>
            <line number="10" hits="1" branch="false"/>
            <line number="11" hits="1" branch="false"/>
            <line number="12" hits="1" branch="false"/>
            <line number="13" hits="1" branch="false"/>
            <line number="14" hits="1" branch="false"/>
            <line number="15" hits="313" branch="true" condition-coverage="100% (1/1)"/>
            <line number="16" hits="313" branch="false"/>
            <line number="17" hits="313" branch="false"/>
            <line number="18" hits="313" branch="false"/>
            <line number="19" hits="313" branch="false"/>
            <line number="20" hits="313" branch="false"/>
            <line number="21" hits="313" branch="false"/>
            <line number="22" hits="313" branch="false"/>
            <line number="23" hits="313" branch="false"/>
            <line number="24" hits="313" branch="false"/>
            <line number="25" hits="313" branch="false"/>
            <line number="26" hits="313" branch="false"/>
            <line number="27" hits="313" branch="false"/>
            <line number="28" hits="313" branch="false"/>
            <line number="29" hits="313" branch="false"/>
            <line number="30" hits="313" branch="false"/>
            <line number="31" hits="313" branch="true" condition-coverage="100% (1/1)"/>
            <line number="32" hits="9" branch="true" condition-coverage="100% (1/1)"/>
            <line number="33" hits="9" branch="false"/>
            <line number="34" hits="313" branch="false"/>
            <line number="35" hits="313" branch="true" condition-coverage="100% (1/1)"/>
            <line number="36" hits="4" branch="false"/>
            <line number="37" hits="4" branch="false"/>
            <line number="38" hits="4" branch="false"/>
            <line number="39" hits="313" branch="false"/>
            <line number="40" hits="313" branch="false"/>
            <line number="41" hits="313" branch="false"/>
            <line number="42" hits="313" branch="true" condition-coverage="100% (1/1)"/>
            <line number="43" hits="939" branch="false"/>
            <line number="44" hits="939" branch="false"/>
            <line number="45" hits="313" branch="false"/>
            <line number="46" hits="313" branch="false"/>
            <line number="47" hits="313" branch="true" condition-coverage="100% (1/1)"/>
            <line number="48" hits="313" branch="false"/>
            <line number="49" hits="313" branch="false"/>
            <line number="50" hits="313" branch="false"/>
            <line number="51" hits="313" branch="false"/>
            <line number="52" hits="313" branch="false"/>
            <line number="53" hits="313" branch="false"/>
            <line number="54" hits="313" branch="false"/>
            <line number="55" hits="313" branch="false"/>
            <line number="56" hits="313" branch="false"/>
            <line number="57" hits="313" branch="true" condition-coverage="100% (1/1)"/>
            <line number="58" hits="313" branch="false"/>
            <line number="59" hits="313" branch="false"/>
            <line number="60" hits="313" branch="false"/>
            <line number="61" hits="313" branch="false"/>
            <line number="62" hits="313" branch="false"/>
            <line number="63" hits="313" branch="false"/>
            <line number="64" hits="313" branch="false"/>
            <line number="65" hits="313" branch="false"/>
            <line number="66" hits="313" branch="false"/>
            <line number="67" hits="313" branch="false"/>
            <line number="68" hits="313" branch="false"/>
            <line number="69" hits="313" branch="false"/>
            <line number="70" hits="313" branch="false"/>
            <line number="71" hits="313" branch="false"/>
            <line number="72" hits="313" branch="false"/>
            <line number="73" hits="313" branch="false"/>
            <line number="74" hits="313" branch="false"/>
            <line number="75" hits="313" branch="true" condition-coverage="100% (1/1)"/>
            <line number="76" hits="5634" branch="true" condition-coverage="100% (1/1)"/>
            <line number="77" hits="626" branch="true" condition-coverage="100% (1/1)"/>
            <line number="78" hits="5008" branch="false"/>
            <line number="79" hits="5008" branch="false"/>
            <line number="80" hits="5008" branch="false"/>
            <line number="81" hits="313" branch="false"/>
            <line number="82" hits="313" branch="false"/>
            <line number="83" hits="313" branch="true" condition-coverage="100% (1/1)"/>
            <line number="84" hits="313" branch="false"/>
            <line number="85" hits="313" branch="false"/>
            <line number="86" hits="313" branch="false"/>
            <line number="87" hits="313" branch="false"/>
            <line number="88" hits="313" branch="false"/>
            <line number="89" hits="313" branch="false"/>
            <line number="90" hits="313" branch="false"/>
            <line number="91" hits="313" branch="false"/>
            <line number="92" hits="313" branch="false"/>
            <line number="93" hits="313" branch="false"/>
            <line number="94" hits="313" branch="false"/>
            <line number="95" hits="1" branch="false"/>
            <line number="96" hits="1" branch="true" condition-coverage="100% (1/1)"/>
            <line number="97" hits="1" branch="false"/>
            <line number="98" hits="1" branch="false"/>
            <line number="99" hits="1" branch="false"/>
            <line number="100" hits="1" branch="false"/>
            <line number="101" hits="1" branch="false"/>
            <line number="102" hits="1" branch="false"/>
            <line number="103" hits="1" branch="false"/>
          </lines>
        </class>
      </classes>
    </package>
    <package name="src.helpers" line-rate="1" branch-rate="0.8823000000000001">
      <classes>
        <class name="index.js" filename="src/helpers/index.js" line-rate="1" branch-rate="0.8823000000000001">
          <methods>
            <method name="getSec" hits="53494" signature="()V">
              <lines>
                <line number="1" hits="53494"/>
              </lines>
            </method>
            <method name="getFilteredData" hits="247" signature="()V">
              <lines>
                <line number="5" hits="247"/>
              </lines>
            </method>
            <method name="getLegend" hits="220" signature="()V">
              <lines>
                <line number="24" hits="220"/>
              </lines>
            </method>
            <method name="getUnit" hits="220" signature="()V">
              <lines>
                <line number="31" hits="220"/>
              </lines>
            </method>
            <method name="prepareData" hits="212" signature="()V">
              <lines>
                <line number="38" hits="212"/>
              </lines>
            </method>
            <method name="filterChart" hits="1" signature="()V">
              <lines>
                <line number="68" hits="1"/>
              </lines>
            </method>
            <method name="getChartWithIndicators" hits="143" signature="()V">
              <lines>
                <line number="77" hits="143"/>
              </lines>
            </method>
            <method name="getGroupName" hits="2465" signature="()V">
              <lines>
                <line number="114" hits="2465"/>
              </lines>
            </method>
            <method name="getProperDateFormat" hits="273105" signature="()V">
              <lines>
                <line number="128" hits="273105"/>
              </lines>
            </method>
          </methods>
          <lines>
            <line number="1" hits="1" branch="true" condition-coverage="100% (1/1)"/>
            <line number="2" hits="53494" branch="false"/>
            <line number="3" hits="53494" branch="false"/>
            <line number="4" hits="1" branch="false"/>
            <line number="5" hits="1" branch="true" condition-coverage="100% (1/1)"/>
            <line number="6" hits="247" branch="false"/>
            <line number="7" hits="247" branch="false"/>
            <line number="8" hits="247" branch="true" condition-coverage="100% (1/1)"/>
            <line number="9" hits="205" branch="true" condition-coverage="100% (1/1)"/>
            <line number="10" hits="351" branch="true" condition-coverage="33.33333333333333% (1/3)"/>
            <line number="11" hits="53371" branch="true" condition-coverage="100% (1/1)"/>
            <line number="12" hits="53371" branch="false"/>
            <line number="13" hits="351" branch="false"/>
            <line number="14" hits="351" branch="false"/>
            <line number="15" hits="351" branch="false"/>
            <line number="16" hits="351" branch="false"/>
            <line number="17" hits="351" branch="false"/>
            <line number="18" hits="205" branch="false"/>
            <line number="19" hits="205" branch="false"/>
            <line number="20" hits="247" branch="false"/>
            <line number="21" hits="247" branch="false"/>
            <line number="22" hits="247" branch="false"/>
            <line number="23" hits="1" branch="false"/>
            <line number="24" hits="1" branch="true" condition-coverage="100% (1/1)"/>
            <line number="25" hits="220" branch="true" condition-coverage="100% (1/1)"/>
            <line number="26" hits="3" branch="false"/>
            <line number="27" hits="3" branch="false"/>
            <line number="28" hits="220" branch="false"/>
            <line number="29" hits="220" branch="false"/>
            <line number="30" hits="1" branch="false"/>
            <line number="31" hits="1" branch="true" condition-coverage="100% (1/1)"/>
            <line number="32" hits="220" branch="true" condition-coverage="100% (1/1)"/>
            <line number="33" hits="217" branch="false"/>
            <line number="34" hits="217" branch="false"/>
            <line number="35" hits="220" branch="false"/>
            <line number="36" hits="220" branch="false"/>
            <line number="37" hits="1" branch="false"/>
            <line number="38" hits="1" branch="true" condition-coverage="100% (1/1)"/>
            <line number="39" hits="212" branch="false"/>
            <line number="40" hits="212" branch="false"/>
            <line number="41" hits="212" branch="false"/>
            <line number="42" hits="212" branch="false"/>
            <line number="43" hits="212" branch="true" condition-coverage="100% (1/1)"/>
            <line number="44" hits="208" branch="false"/>
            <line number="45" hits="208" branch="false"/>
            <line number="46" hits="208" branch="true" condition-coverage="100% (1/1)"/>
            <line number="47" hits="219" branch="false"/>
            <line number="48" hits="219" branch="true" condition-coverage="100% (1/1)"/>
            <line number="49" hits="219" branch="false"/>
            <line number="50" hits="219" branch="false"/>
            <line number="51" hits="219" branch="false"/>
            <line number="52" hits="219" branch="true" condition-coverage="0% (0/1)"/>
            <line number="53" hits="219" branch="true" condition-coverage="0% (0/1)"/>
            <line number="54" hits="219" branch="false"/>
            <line number="55" hits="219" branch="false"/>
            <line number="56" hits="219" branch="false"/>
            <line number="57" hits="219" branch="false"/>
            <line number="58" hits="219" branch="false"/>
            <line number="59" hits="219" branch="false"/>
            <line number="60" hits="219" branch="false"/>
            <line number="61" hits="208" branch="false"/>
            <line number="62" hits="208" branch="false"/>
            <line number="63" hits="208" branch="false"/>
            <line number="64" hits="212" branch="false"/>
            <line number="65" hits="212" branch="false"/>
            <line number="66" hits="212" branch="false"/>
            <line number="67" hits="1" branch="false"/>
            <line number="68" hits="1" branch="true" condition-coverage="100% (1/1)"/>
            <line number="69" hits="1" branch="false"/>
            <line number="70" hits="1" branch="true" condition-coverage="100% (1/1)"/>
            <line number="71" hits="1" branch="false"/>
            <line number="72" hits="1" branch="true" condition-coverage="100% (1/1)"/>
            <line number="73" hits="1" branch="false"/>
            <line number="74" hits="1" branch="false"/>
            <line number="75" hits="1" branch="false"/>
            <line number="76" hits="1" branch="false"/>
            <line number="77" hits="1" branch="true" condition-coverage="100% (1/1)"/>
            <line number="78" hits="143" branch="false"/>
            <line number="79" hits="143" branch="false"/>
            <line number="80" hits="143" branch="false"/>
            <line number="81" hits="143" branch="true" condition-coverage="100% (1/1)"/>
            <line number="82" hits="99" branch="true" condition-coverage="100% (1/1)"/>
            <line number="83" hits="141" branch="true" condition-coverage="100% (1/1)"/>
            <line number="84" hits="149" branch="false"/>
            <line number="85" hits="149" branch="false"/>
            <line number="86" hits="149" branch="true" condition-coverage="100% (1/1)"/>
            <line number="87" hits="127" branch="true" condition-coverage="100% (1/1)"/>
            <line number="88" hits="94" branch="false"/>
            <line number="89" hits="94" branch="false"/>
            <line number="90" hits="94" branch="false"/>
            <line number="91" hits="94" branch="false"/>
            <line number="92" hits="94" branch="false"/>
            <line number="93" hits="94" branch="false"/>
            <line number="94" hits="94" branch="false"/>
            <line number="95" hits="94" branch="true" condition-coverage="100% (1/1)"/>
            <line number="96" hits="94" branch="false"/>
            <line number="97" hits="94" branch="false"/>
            <line number="98" hits="94" branch="true" condition-coverage="100% (1/1)"/>
            <line number="99" hits="14154" branch="false"/>
            <line number="100" hits="14154" branch="false"/>
            <line number="101" hits="14154" branch="false"/>
            <line number="102" hits="94" branch="false"/>
            <line number="103" hits="94" branch="false"/>
            <line number="104" hits="94" branch="false"/>
            <line number="105" hits="94" branch="false"/>
            <line number="106" hits="94" branch="false"/>
            <line number="107" hits="127" branch="false"/>
            <line number="108" hits="149" branch="false"/>
            <line number="109" hits="141" branch="false"/>
            <line number="110" hits="99" branch="false"/>
            <line number="111" hits="143" branch="false"/>
            <line number="112" hits="143" branch="false"/>
            <line number="113" hits="1" branch="false"/>
            <line number="114" hits="1" branch="true" condition-coverage="100% (1/1)"/>
            <line number="115" hits="2465" branch="true" condition-coverage="100% (1/1)"/>
            <line number="116" hits="174" branch="false"/>
            <line number="117" hits="174" branch="false"/>
            <line number="118" hits="2465" branch="true" condition-coverage="100% (1/1)"/>
            <line number="119" hits="2262" branch="false"/>
            <line number="120" hits="2262" branch="false"/>
            <line number="121" hits="29" branch="true" condition-coverage="100% (1/1)"/>
            <line number="122" hits="29" branch="false"/>
            <line number="123" hits="29" branch="false"/>
            <line number="124" hits="2465" branch="false"/>
            <line number="125" hits="2465" branch="false"/>
            <line number="126" hits="2465" branch="false"/>
            <line number="127" hits="1" branch="false"/>
            <line number="128" hits="1" branch="true" condition-coverage="100% (1/1)"/>
            <line number="129" hits="273105" branch="false"/>
            <line number="130" hits="273105" branch="false"/>
            <line number="131" hits="273105" branch="false"/>
            <line number="132" hits="273105" branch="false"/>
          </lines>
        </class>
      </classes>
    </package>
    <package name="src.utils" line-rate="1" branch-rate="1">
      <classes>
        <class name="randomColor.jsx" filename="src/utils/randomColor.jsx" line-rate="1" branch-rate="1">
          <methods>
            <method name="get" hits="6" signature="()V">
              <lines>
                <line number="13" hits="6"/>
              </lines>
            </method>
            <method name="generateRandomColor" hits="6" signature="()V">
              <lines>
                <line number="1" hits="6"/>
              </lines>
            </method>
            <method name="createRandomColorGenerator" hits="1" signature="()V">
              <lines>
                <line number="6" hits="1"/>
              </lines>
            </method>
          </methods>
          <lines>
            <line number="1" hits="1" branch="true" condition-coverage="100% (1/1)"/>
            <line number="2" hits="6" branch="false"/>
            <line number="3" hits="6" branch="false"/>
            <line number="4" hits="6" branch="false"/>
            <line number="5" hits="1" branch="false"/>
            <line number="6" hits="1" branch="true" condition-coverage="100% (1/1)"/>
            <line number="7" hits="1" branch="false"/>
            <line number="8" hits="1" branch="true" condition-coverage="100% (1/1)"/>
            <line number="9" hits="1" branch="false"/>
            <line number="10" hits="1" branch="false"/>
            <line number="11" hits="1" branch="false"/>
            <line number="12" hits="1" branch="false"/>
            <line number="13" hits="1" branch="true" condition-coverage="100% (1/1)"/>
          </lines>
        </class>
      </classes>
    </package>
  </packages>
</coverage>
